<?xml version="1.0" encoding="UTF-8"?>
<!-- Generated by org.testng.reporters.JUnitReportReporter -->
<testsuite skipped="0" hostname="amw-g1" name="com.qa.TestCase.AmazonLoginPageTest" tests="3" failures="0" timestamp="16 Oct 2019 04:35:34 GMT" time="20.137" errors="0">
  <testcase name="AmazonLogoTest" time="0.943" classname="com.qa.TestCase.AmazonLoginPageTest"/>
  <testcase name="ConsumerPortalTittle" time="0.021" classname="com.qa.TestCase.AmazonLoginPageTest"/>
  <testcase name="ConsumerLogoTest" time="19.173" classname="com.qa.TestCase.AmazonLoginPageTest"/>
</testsuite> <!-- com.qa.TestCase.AmazonLoginPageTest -->
