<?xml version="1.0" encoding="UTF-8"?>
<!-- Generated by org.testng.reporters.JUnitReportReporter -->
<testsuite skipped="0" hostname="amw-g1" name="com.qa.TestCase.AmazonLoginPageTest" tests="3" failures="0" timestamp="10 Oct 2019 05:40:30 GMT" time="11.407" errors="0">
  <testcase name="AmazonLogoTest" time="0.952" classname="com.qa.TestCase.AmazonLoginPageTest"/>
  <testcase name="ConsumerPortalTittle" time="0.026" classname="com.qa.TestCase.AmazonLoginPageTest"/>
  <testcase name="ConsumerLogoTest" time="10.429" classname="com.qa.TestCase.AmazonLoginPageTest"/>
</testsuite> <!-- com.qa.TestCase.AmazonLoginPageTest -->
