<?xml version="1.0" encoding="UTF-8"?>
<!-- Generated by org.testng.reporters.JUnitReportReporter -->
<testsuite skipped="0" hostname="amw-g1" name="com.herokuapp.qa.tests.BreadcrumbsPageTest" tests="1" failures="0" timestamp="16 Oct 2019 09:36:43 GMT" time="29.969" errors="0">
  <testcase name="ClickBreadcumlink" time="29.969" classname="com.herokuapp.qa.tests.BreadcrumbsPageTest"/>
</testsuite> <!-- com.herokuapp.qa.tests.BreadcrumbsPageTest -->
