<?xml version="1.0" encoding="UTF-8"?>
<!-- Generated by org.testng.reporters.JUnitReportReporter -->
<testsuite skipped="0" hostname="amw-g1" name="com.herokuapp.qa.tests.CreateMissionsPageTest" tests="3" failures="0" timestamp="16 Oct 2019 09:32:34 GMT" time="110.769" errors="0">
  <testcase name="verifyTableList" time="28.602" classname="com.herokuapp.qa.tests.CreateMissionsPageTest"/>
  <testcase name="verifymissionlabel" time="39.286" classname="com.herokuapp.qa.tests.CreateMissionsPageTest"/>
  <testcase name="verifymissionlabel" time="42.881" classname="com.herokuapp.qa.tests.CreateMissionsPageTest"/>
</testsuite> <!-- com.herokuapp.qa.tests.CreateMissionsPageTest -->
