<?xml version="1.0" encoding="UTF-8"?>
<!-- Generated by org.testng.reporters.JUnitReportReporter -->
<testsuite skipped="0" hostname="amw-g1" name="com.herokuapp.qa.tests.HomePageTest" tests="2" failures="0" timestamp="15 Oct 2019 06:46:50 GMT" time="41.172" errors="0">
  <testcase name="verifyHomePageTitle" time="24.796" classname="com.herokuapp.qa.tests.HomePageTest"/>
  <testcase name="VerifyUserProfileName" time="16.376" classname="com.herokuapp.qa.tests.HomePageTest"/>
</testsuite> <!-- com.herokuapp.qa.tests.HomePageTest -->
