<?xml version="1.0" encoding="UTF-8"?>
<!-- Generated by org.testng.reporters.JUnitReportReporter -->
<testsuite skipped="0" hostname="amw-g1" name="com.herokuapp.qa.tests.EditProfilePageTest" tests="2" failures="0" timestamp="15 Oct 2019 06:46:50 GMT" time="44.629" errors="0">
  <testcase name="update" time="24.004" classname="com.herokuapp.qa.tests.EditProfilePageTest"/>
  <testcase name="verify_updated_data" time="20.625" classname="com.herokuapp.qa.tests.EditProfilePageTest"/>
</testsuite> <!-- com.herokuapp.qa.tests.EditProfilePageTest -->
