<?xml version="1.0" encoding="UTF-8"?>
<!-- Generated by org.testng.reporters.JUnitReportReporter -->
<testsuite skipped="0" hostname="amw-g1" name="com.herokuapp.qa.tests.MissionTable_expandPageTest" tests="1" failures="0" timestamp="15 Oct 2019 06:46:50 GMT" time="19.393" errors="0">
  <testcase name="expand_table" time="19.393" classname="com.herokuapp.qa.tests.MissionTable_expandPageTest"/>
</testsuite> <!-- com.herokuapp.qa.tests.MissionTable_expandPageTest -->
