<?xml version="1.0" encoding="UTF-8"?>
<!-- Generated by org.testng.reporters.JUnitReportReporter -->
<testsuite skipped="4" hostname="amw-g1" name="com.herokuapp.qa.tests.InvalidUserPageTest" tests="4" failures="0" timestamp="15 Oct 2019 06:46:50 GMT" time="0.000" errors="0">
  <testcase name="verifhtmlmessagebothfiled" time="0.000" classname="com.herokuapp.qa.tests.InvalidUserPageTest">
    <skipped/>
  </testcase> <!-- verifhtmlmessagebothfiled -->
  <testcase name="verifhtmlmessageforpassword" time="0.000" classname="com.herokuapp.qa.tests.InvalidUserPageTest">
    <skipped/>
  </testcase> <!-- verifhtmlmessageforpassword -->
  <testcase name="veriferror" time="0.000" classname="com.herokuapp.qa.tests.InvalidUserPageTest">
    <skipped/>
  </testcase> <!-- veriferror -->
  <testcase name="getDecoded" time="0.000" classname="com.herokuapp.qa.tests.InvalidUserPageTest">
    <skipped/>
  </testcase> <!-- getDecoded -->
</testsuite> <!-- com.herokuapp.qa.tests.InvalidUserPageTest -->
