<?xml version="1.0" encoding="UTF-8"?>
<!-- Generated by org.testng.reporters.JUnitReportReporter -->
<testsuite skipped="0" hostname="amw-g1" name="com.herokuapp.qa.tests.UpdateMissionPageTest" tests="1" failures="0" timestamp="15 Oct 2019 06:46:50 GMT" time="54.520" errors="0">
  <testcase name="verifymissionlabel" time="54.520" classname="com.herokuapp.qa.tests.UpdateMissionPageTest"/>
</testsuite> <!-- com.herokuapp.qa.tests.UpdateMissionPageTest -->
