<?xml version="1.0" encoding="UTF-8"?>
<!-- Generated by org.testng.reporters.JUnitReportReporter -->
<testsuite skipped="0" hostname="amw-g1" name="com.herokuapp.qa.tests.MissionProductionPageTest" tests="4" failures="0" timestamp="15 Oct 2019 06:46:50 GMT" time="88.178" errors="0">
  <testcase name="VerifyCurrentMission" time="21.239" classname="com.herokuapp.qa.tests.MissionProductionPageTest"/>
  <testcase name="pendingMission" time="21.038" classname="com.herokuapp.qa.tests.MissionProductionPageTest"/>
  <testcase name="completeMission" time="23.681" classname="com.herokuapp.qa.tests.MissionProductionPageTest"/>
  <testcase name="allMission" time="22.220" classname="com.herokuapp.qa.tests.MissionProductionPageTest"/>
</testsuite> <!-- com.herokuapp.qa.tests.MissionProductionPageTest -->
