<?xml version="1.0" encoding="UTF-8"?>
<!-- Generated by org.testng.reporters.JUnitReportReporter -->
<testsuite skipped="0" hostname="amw-g1" name="com.herokuapp.qa.tests.NonAdminUserPageTest" tests="4" failures="0" timestamp="15 Oct 2019 06:46:50 GMT" time="134.798" errors="0">
  <testcase name="verifyHomePageTitle" time="36.904" classname="com.herokuapp.qa.tests.NonAdminUserPageTest"/>
  <testcase name="verifyHomePageTitle" time="40.113" classname="com.herokuapp.qa.tests.NonAdminUserPageTest"/>
  <testcase name="verifyHomePageTitle" time="20.788" classname="com.herokuapp.qa.tests.NonAdminUserPageTest"/>
  <testcase name="verifyHomePageTitle" time="36.993" classname="com.herokuapp.qa.tests.NonAdminUserPageTest"/>
</testsuite> <!-- com.herokuapp.qa.tests.NonAdminUserPageTest -->
