<?xml version="1.0" encoding="UTF-8"?>
<!-- Generated by org.testng.reporters.JUnitReportReporter -->
<testsuite skipped="0" hostname="amw-g1" name="com.herokuapp.qa.tests.LoginPageTest" tests="2" failures="0" timestamp="15 Oct 2019 06:46:50 GMT" time="23.446" errors="0">
  <testcase name="verifyloginpagetitle" time="7.576" classname="com.herokuapp.qa.tests.LoginPageTest"/>
  <testcase name="login" time="15.870" classname="com.herokuapp.qa.tests.LoginPageTest"/>
</testsuite> <!-- com.herokuapp.qa.tests.LoginPageTest -->
