<?xml version="1.0" encoding="UTF-8"?>
<!-- Generated by org.testng.reporters.JUnitReportReporter -->
<testsuite skipped="0" hostname="amw-g1" name="com.herokuapp.qa.tests.SubDivisonMissionPageTest" tests="2" failures="0" timestamp="15 Oct 2019 06:46:50 GMT" time="51.159" errors="0">
  <testcase name="verifyaddmision_as_subdepart" time="24.817" classname="com.herokuapp.qa.tests.SubDivisonMissionPageTest"/>
  <testcase name="verifyaddmision_as_subdepart" time="26.342" classname="com.herokuapp.qa.tests.SubDivisonMissionPageTest"/>
</testsuite> <!-- com.herokuapp.qa.tests.SubDivisonMissionPageTest -->
