<?xml version="1.0" encoding="UTF-8"?>
<!-- Generated by org.testng.reporters.JUnitReportReporter -->
<testsuite skipped="1" hostname="amw-g1" name="com.herokuapp.qa.tests.ColleaguesPageTest" tests="1" failures="0" timestamp="15 Oct 2019 06:46:50 GMT" time="0.000" errors="0">
  <testcase name="colleagues_link" time="0.000" classname="com.herokuapp.qa.tests.ColleaguesPageTest">
    <skipped/>
  </testcase> <!-- colleagues_link -->
</testsuite> <!-- com.herokuapp.qa.tests.ColleaguesPageTest -->
