<?xml version="1.0" encoding="UTF-8"?>
<!-- Generated by org.testng.reporters.JUnitReportReporter -->
<testsuite skipped="1" hostname="amw-g1" name="com.herokuapp.qa.tests.CustomerFormPageTest" tests="1" failures="0" timestamp="15 Oct 2019 06:46:50 GMT" time="0.000" errors="0">
  <testcase name="Customer" time="0.000" classname="com.herokuapp.qa.tests.CustomerFormPageTest">
    <skipped/>
  </testcase> <!-- Customer -->
</testsuite> <!-- com.herokuapp.qa.tests.CustomerFormPageTest -->
