<?xml version="1.0" encoding="UTF-8"?>
<!-- Generated by org.testng.reporters.JUnitReportReporter -->
<testsuite skipped="0" hostname="amw-g1" name="com.herokuapp.qa.tests.DeleteMissionPageTest" tests="1" failures="0" timestamp="16 Oct 2019 09:32:34 GMT" time="71.069" errors="0">
  <testcase name="veriflabel" time="71.069" classname="com.herokuapp.qa.tests.DeleteMissionPageTest"/>
</testsuite> <!-- com.herokuapp.qa.tests.DeleteMissionPageTest -->
