<?xml version="1.0" encoding="UTF-8"?>
<!-- Generated by org.testng.reporters.JUnitReportReporter -->
<testsuite skipped="0" hostname="amw-g1" name="com.herokuapp.qa.tests.CancelMissionPageTest" tests="1" failures="0" timestamp="17 Oct 2019 07:26:30 GMT" time="43.474" errors="0">
  <testcase name="verifymissionlabel" time="43.474" classname="com.herokuapp.qa.tests.CancelMissionPageTest"/>
</testsuite> <!-- com.herokuapp.qa.tests.CancelMissionPageTest -->
