<?xml version="1.0" encoding="UTF-8"?>
<!-- Generated by org.testng.reporters.JUnitReportReporter -->
<testsuite skipped="0" hostname="amw-g1" name="com.herokuapp.qa.tests.CreateMissionsPageTest" tests="3" failures="0" timestamp="15 Oct 2019 06:46:50 GMT" time="99.406" errors="0">
  <testcase name="verifyTableList" time="22.814" classname="com.herokuapp.qa.tests.CreateMissionsPageTest"/>
  <testcase name="verifymissionlabel" time="39.618" classname="com.herokuapp.qa.tests.CreateMissionsPageTest"/>
  <testcase name="verifymissionlabel" time="36.974" classname="com.herokuapp.qa.tests.CreateMissionsPageTest"/>
</testsuite> <!-- com.herokuapp.qa.tests.CreateMissionsPageTest -->
