<?xml version="1.0" encoding="UTF-8"?>
<!-- Generated by org.testng.reporters.JUnitReportReporter -->
<testsuite skipped="0" hostname="amw-g1" name="com.herokuapp.qa.tests.LoginPageTest" tests="2" failures="0" timestamp="04 Sep 2019 08:55:59 GMT" time="31.429" errors="0">
  <testcase name="verifyloginpagetitle" time="13.157" classname="com.herokuapp.qa.tests.LoginPageTest"/>
  <testcase name="login" time="18.272" classname="com.herokuapp.qa.tests.LoginPageTest"/>
</testsuite> <!-- com.herokuapp.qa.tests.LoginPageTest -->
