<?xml version="1.0" encoding="UTF-8"?>
<!-- Generated by org.testng.reporters.JUnitReportReporter -->
<testsuite skipped="0" hostname="amw-g1" name="com.herokuapp.qa.tests.FollowupcreatedMissionPageTest" tests="1" failures="0" timestamp="15 Oct 2019 06:46:50 GMT" time="205.568" errors="0">
  <testcase name="verifymissionlabel" time="205.568" classname="com.herokuapp.qa.tests.FollowupcreatedMissionPageTest"/>
</testsuite> <!-- com.herokuapp.qa.tests.FollowupcreatedMissionPageTest -->
