<?xml version="1.0" encoding="UTF-8"?>
<!-- Generated by org.testng.reporters.JUnitReportReporter -->
<testsuite skipped="0" hostname="amw-g1" name="com.herokuapp.qa.tests.CancelMissionPageTest" tests="1" failures="0" timestamp="15 Oct 2019 10:32:05 GMT" time="40.817" errors="0">
  <testcase name="verifymissionlabel" time="40.817" classname="com.herokuapp.qa.tests.CancelMissionPageTest"/>
</testsuite> <!-- com.herokuapp.qa.tests.CancelMissionPageTest -->
